19:22:02.082 [main] INFO  Circle - Filling table string with X's
19:22:33.773 [main] INFO  Circle - Scanning player name
19:22:37.021 [main] INFO  Circle - Scanning player name
19:22:37.068 [main] INFO  Circle - Writing Json file
19:22:37.071 [main] INFO  Circle - Reading Json file
19:22:37.088 [main] INFO  Circle - Player state is B
19:22:37.088 [main] INFO  Circle - Jatekos 1 kore
19:22:37.103 [main] INFO  Circle - Display table to the console
19:23:04.750 [main] INFO  Circle - Direction given
19:23:04.750 [main] INFO  Circle - Setting table by the new parameters
19:23:04.750 [main] INFO  Circle - Table modified
19:23:04.750 [main] INFO  Circle - Player state is R
19:23:04.751 [main] INFO  Circle - Jatekos 2 kore
19:23:04.751 [main] INFO  Circle - Display table to the console
19:23:40.996 [main] INFO  Circle - Direction given
19:23:40.997 [main] INFO  Circle - Setting table by the new parameters
19:23:40.997 [main] INFO  Circle - Table modified
19:23:40.997 [main] INFO  Circle - Player state is B
19:23:40.997 [main] INFO  Circle - Jatekos 1 kore
19:23:40.997 [main] INFO  Circle - Display table to the console
19:23:49.909 [main] INFO  Circle - Direction given
19:23:49.910 [main] INFO  Circle - Setting table by the new parameters
19:23:49.910 [main] INFO  Circle - Table modified
19:23:49.910 [main] INFO  Circle - Player state is R
19:23:49.910 [main] INFO  Circle - Jatekos 2 kore
19:23:49.910 [main] INFO  Circle - Display table to the console
19:24:00.068 [main] INFO  Circle - Direction given
19:24:00.069 [main] INFO  Circle - Setting table by the new parameters
19:24:00.069 [main] INFO  Circle - Table modified
19:24:00.069 [main] INFO  Circle - Player state is B
19:24:00.069 [main] INFO  Circle - Jatekos 1 kore
19:24:00.069 [main] INFO  Circle - Display table to the console
19:24:08.941 [main] INFO  Circle - Direction given
19:24:08.941 [main] INFO  Circle - Setting table by the new parameters
19:24:08.941 [main] INFO  Circle - Table modified
19:24:08.941 [main] INFO  Circle - Player state is R
19:24:08.942 [main] INFO  Circle - Jatekos 2 kore
19:24:08.942 [main] INFO  Circle - Display table to the console
19:24:20.196 [main] INFO  Circle - Direction given
19:24:20.197 [main] INFO  Circle - Setting table by the new parameters
19:24:20.197 [main] INFO  Circle - Table modified
19:24:20.197 [main] INFO  Circle - Player state is B
19:24:20.197 [main] INFO  Circle - Jatekos 1 kore
19:24:20.197 [main] INFO  Circle - Display table to the console
19:24:26.749 [main] INFO  Circle - Direction given
19:24:26.749 [main] INFO  Circle - Setting table by the new parameters
19:24:26.749 [main] INFO  Circle - Table modified
19:24:26.749 [main] INFO  Circle - Player state is R
19:24:26.749 [main] INFO  Circle - Jatekos 2 kore
19:24:26.749 [main] INFO  Circle - Display table to the console
19:24:31.702 [main] INFO  Circle - Direction given
19:24:31.702 [main] INFO  Circle - Setting table by the new parameters
19:24:31.702 [main] INFO  Circle - Table modified
19:24:31.702 [main] INFO  Circle - Player state is B
19:24:31.703 [main] INFO  Circle - Jatekos 1 kore
19:24:31.703 [main] INFO  Circle - Display table to the console
19:24:37.245 [main] INFO  Circle - Direction given
19:24:37.245 [main] INFO  Circle - Setting table by the new parameters
19:24:37.245 [main] INFO  Circle - Table modified
19:24:37.245 [main] INFO  Circle - Found winning situation in horizontal line
19:24:37.288 [main] INFO  Circle - Writing Json file
19:24:37.289 [main] INFO  Circle - zsm won the game
19:24:44.245 [main] INFO  Circle - Filling table string with X's
